This file contains any messages produced by compilers while
running configure, to aid debugging if configure makes a mistake.

It was created by Valgrind configure 3.20.0, which was
generated by GNU Autoconf 2.71.  Invocation command line was

  $ ./configure

## --------- ##
## Platform. ##
## --------- ##

hostname = 0b2c58dc344f
uname -m = x86_64
uname -r = 5.3.0-1032-aws
uname -s = Linux
uname -v = #34~18.04.2-Ubuntu SMP Fri Jul 24 10:06:28 UTC 2020

/usr/bin/uname -p = x86_64
/bin/uname -X     = unknown

/bin/arch              = x86_64
/usr/bin/arch -k       = unknown
/usr/convex/getsysinfo = unknown
/usr/bin/hostinfo      = unknown
/bin/machine           = unknown
/usr/bin/oslevel       = unknown
/bin/universe          = unknown

PATH: /usr/local/sbin/
PATH: /usr/local/bin/
PATH: /usr/sbin/
PATH: /usr/bin/
PATH: /sbin/
PATH: /bin/


## ----------- ##
## Core tests. ##
## ----------- ##

configure:3229: looking for aux files: config.guess config.sub compile missing install-sh
configure:3242:  trying ./
configure:3271:   ./config.guess found
configure:3271:   ./config.sub found
configure:3271:   ./compile found
configure:3271:   ./missing found
configure:3253:   ./install-sh found
configure:3414: checking for a BSD-compatible install
configure:3487: result: /usr/bin/install -c
configure:3498: checking whether build environment is sane
configure:3553: result: yes
configure:3710: checking for a race-free mkdir -p
configure:3754: result: /usr/bin/mkdir -p
configure:3761: checking for gawk
configure:3796: result: no
configure:3761: checking for mawk
configure:3782: found /usr/bin/mawk
configure:3793: result: mawk
configure:3804: checking whether make sets $(MAKE)
configure:3827: result: yes
configure:3857: checking whether make supports nested variables
configure:3875: result: no
configure:4013: checking whether to enable maintainer-specific portions of Makefiles
configure:4023: result: no
configure:4048: checking whether ln -s works
configure:4052: result: yes
configure:4121: checking for gcc
configure:4142: found /usr/bin/gcc
configure:4153: result: gcc
configure:4506: checking for C compiler version
configure:4515: gcc --version >&5
gcc (Ubuntu 9.4.0-1ubuntu1~20.04.1) 9.4.0
Copyright (C) 2019 Free Software Foundation, Inc.
This is free software; see the source for copying conditions.  There is NO
warranty; not even for MERCHANTABILITY or FITNESS FOR A PARTICULAR PURPOSE.

configure:4526: $? = 0
configure:4515: gcc -v >&5
Using built-in specs.
COLLECT_GCC=gcc
COLLECT_LTO_WRAPPER=/usr/lib/gcc/x86_64-linux-gnu/9/lto-wrapper
OFFLOAD_TARGET_NAMES=nvptx-none:hsa
OFFLOAD_TARGET_DEFAULT=1
Target: x86_64-linux-gnu
Configured with: ../src/configure -v --with-pkgversion='Ubuntu 9.4.0-1ubuntu1~20.04.1' --with-bugurl=file:///usr/share/doc/gcc-9/README.Bugs --enable-languages=c,ada,c++,go,brig,d,fortran,objc,obj-c++,gm2 --prefix=/usr --with-gcc-major-version-only --program-suffix=-9 --program-prefix=x86_64-linux-gnu- --enable-shared --enable-linker-build-id --libexecdir=/usr/lib --without-included-gettext --enable-threads=posix --libdir=/usr/lib --enable-nls --enable-clocale=gnu --enable-libstdcxx-debug --enable-libstdcxx-time=yes --with-default-libstdcxx-abi=new --enable-gnu-unique-object --disable-vtable-verify --enable-plugin --enable-default-pie --with-system-zlib --with-target-system-zlib=auto --enable-objc-gc=auto --enable-multiarch --disable-werror --with-arch-32=i686 --with-abi=m64 --with-multilib-list=m32,m64,mx32 --enable-multilib --with-tune=generic --enable-offload-targets=nvptx-none=/build/gcc-9-Av3uEd/gcc-9-9.4.0/debian/tmp-nvptx/usr,hsa --without-cuda-driver --enable-checking=release --build=x86_64-linux-gnu --host=x86_64-linux-gnu --target=x86_64-linux-gnu
Thread model: posix
gcc version 9.4.0 (Ubuntu 9.4.0-1ubuntu1~20.04.1) 
configure:4526: $? = 0
configure:4515: gcc -V >&5
gcc: error: unrecognized command line option '-V'
gcc: fatal error: no input files
compilation terminated.
configure:4526: $? = 1
configure:4515: gcc -qversion >&5
gcc: error: unrecognized command line option '-qversion'; did you mean '--version'?
gcc: fatal error: no input files
compilation terminated.
configure:4526: $? = 1
configure:4515: gcc -version >&5
gcc: error: unrecognized command line option '-version'
gcc: fatal error: no input files
compilation terminated.
configure:4526: $? = 1
configure:4546: checking whether the C compiler works
configure:4568: gcc    conftest.c  >&5
configure:4572: $? = 0
configure:4622: result: yes
configure:4625: checking for C compiler default output file name
configure:4627: result: a.out
configure:4633: checking for suffix of executables
configure:4640: gcc -o conftest    conftest.c  >&5
configure:4644: $? = 0
configure:4667: result: 
configure:4689: checking whether we are cross compiling
configure:4697: gcc -o conftest    conftest.c  >&5
configure:4701: $? = 0
configure:4708: ./conftest
configure:4712: $? = 0
configure:4700: result: no
configure:4705: checking for suffix of object files
configure:4728: gcc -c   conftest.c >&5
configure:4732: $? = 0
configure:4754: result: o
configure:4758: checking whether the compiler supports GNU C
configure:4778: gcc -c   conftest.c >&5
configure:4778: $? = 0
configure:4788: result: yes
configure:4799: checking whether gcc accepts -g
configure:4820: gcc -c -g  conftest.c >&5
configure:4820: $? = 0
configure:4864: result: yes
configure:4884: checking for gcc option to enable C11 features
configure:4899: gcc  -c   conftest.c >&5
configure:4899: $? = 0
configure:4917: result: none needed
configure:5033: checking whether gcc understands -c and -o together
configure:5056: gcc -c conftest.c -o conftest2.o
configure:5059: $? = 0
configure:5056: gcc -c conftest.c -o conftest2.o
configure:5059: $? = 0
configure:5071: result: yes
configure:5091: checking whether make supports the include directive
configure:5106: make -f confmf.GNU && cat confinc.out
this is the am__doit target
configure:5109: $? = 0
configure:5128: result: yes (GNU style)
configure:5154: checking dependency style of gcc
configure:5266: result: gcc3
configure:5287: checking how to run the C preprocessor
configure:5313: gcc -E  conftest.c
configure:5313: $? = 0
configure:5328: gcc -E  conftest.c
conftest.c:11:10: fatal error: ac_nonexistent.h: No such file or directory
   11 | #include <ac_nonexistent.h>
      |          ^~~~~~~~~~~~~~~~~~
compilation terminated.
configure:5328: $? = 1
configure: failed program was:
| /* confdefs.h */
| #define PACKAGE_NAME "Valgrind"
| #define PACKAGE_TARNAME "valgrind"
| #define PACKAGE_VERSION "3.20.0"
| #define PACKAGE_STRING "Valgrind 3.20.0"
| #define PACKAGE_BUGREPORT "valgrind-users@lists.sourceforge.net"
| #define PACKAGE_URL ""
| #define PACKAGE "valgrind"
| #define VERSION "3.20.0"
| /* end confdefs.h.  */
| #include <ac_nonexistent.h>
configure:5355: result: gcc -E
configure:5369: gcc -E  conftest.c
configure:5369: $? = 0
configure:5384: gcc -E  conftest.c
conftest.c:11:10: fatal error: ac_nonexistent.h: No such file or directory
   11 | #include <ac_nonexistent.h>
      |          ^~~~~~~~~~~~~~~~~~
compilation terminated.
configure:5384: $? = 1
configure: failed program was:
| /* confdefs.h */
| #define PACKAGE_NAME "Valgrind"
| #define PACKAGE_TARNAME "valgrind"
| #define PACKAGE_VERSION "3.20.0"
| #define PACKAGE_STRING "Valgrind 3.20.0"
| #define PACKAGE_BUGREPORT "valgrind-users@lists.sourceforge.net"
| #define PACKAGE_URL ""
| #define PACKAGE "valgrind"
| #define VERSION "3.20.0"
| /* end confdefs.h.  */
| #include <ac_nonexistent.h>
configure:5483: checking for g++
configure:5504: found /usr/bin/g++
configure:5515: result: g++
configure:5542: checking for C++ compiler version
configure:5551: g++ --version >&5
g++ (Ubuntu 9.4.0-1ubuntu1~20.04.1) 9.4.0
Copyright (C) 2019 Free Software Foundation, Inc.
This is free software; see the source for copying conditions.  There is NO
warranty; not even for MERCHANTABILITY or FITNESS FOR A PARTICULAR PURPOSE.

configure:5562: $? = 0
configure:5551: g++ -v >&5
Using built-in specs.
COLLECT_GCC=g++
COLLECT_LTO_WRAPPER=/usr/lib/gcc/x86_64-linux-gnu/9/lto-wrapper
OFFLOAD_TARGET_NAMES=nvptx-none:hsa
OFFLOAD_TARGET_DEFAULT=1
Target: x86_64-linux-gnu
Configured with: ../src/configure -v --with-pkgversion='Ubuntu 9.4.0-1ubuntu1~20.04.1' --with-bugurl=file:///usr/share/doc/gcc-9/README.Bugs --enable-languages=c,ada,c++,go,brig,d,fortran,objc,obj-c++,gm2 --prefix=/usr --with-gcc-major-version-only --program-suffix=-9 --program-prefix=x86_64-linux-gnu- --enable-shared --enable-linker-build-id --libexecdir=/usr/lib --without-included-gettext --enable-threads=posix --libdir=/usr/lib --enable-nls --enable-clocale=gnu --enable-libstdcxx-debug --enable-libstdcxx-time=yes --with-default-libstdcxx-abi=new --enable-gnu-unique-object --disable-vtable-verify --enable-plugin --enable-default-pie --with-system-zlib --with-target-system-zlib=auto --enable-objc-gc=auto --enable-multiarch --disable-werror --with-arch-32=i686 --with-abi=m64 --with-multilib-list=m32,m64,mx32 --enable-multilib --with-tune=generic --enable-offload-targets=nvptx-none=/build/gcc-9-Av3uEd/gcc-9-9.4.0/debian/tmp-nvptx/usr,hsa --without-cuda-driver --enable-checking=release --build=x86_64-linux-gnu --host=x86_64-linux-gnu --target=x86_64-linux-gnu
Thread model: posix
gcc version 9.4.0 (Ubuntu 9.4.0-1ubuntu1~20.04.1) 
configure:5562: $? = 0
configure:5551: g++ -V >&5
g++: error: unrecognized command line option '-V'
g++: fatal error: no input files
compilation terminated.
configure:5562: $? = 1
configure:5551: g++ -qversion >&5
g++: error: unrecognized command line option '-qversion'; did you mean '--version'?
g++: fatal error: no input files
compilation terminated.
configure:5562: $? = 1
configure:5566: checking whether the compiler supports GNU C++
configure:5586: g++ -c   conftest.cpp >&5
configure:5586: $? = 0
configure:5596: result: yes
configure:5607: checking whether g++ accepts -g
configure:5628: g++ -c -g  conftest.cpp >&5
configure:5628: $? = 0
configure:5672: result: yes
configure:5692: checking for g++ option to enable C++11 features
configure:5707: g++  -c   conftest.cpp >&5
configure:5707: $? = 0
configure:5725: result: none needed
configure:5791: checking dependency style of g++
configure:5903: result: gcc3
configure:5979: checking for ranlib
configure:6000: found /usr/bin/ranlib
configure:6011: result: ranlib
configure:6039: checking for gcc-ranlib
configure:6062: found /usr/bin/gcc-ranlib
configure:6074: result: /usr/bin/gcc-ranlib
configure:6091: checking for a sed that does not truncate output
configure:6161: result: /usr/bin/sed
configure:6174: checking for ar
configure:6197: found /usr/bin/ar
configure:6209: result: /usr/bin/ar
configure:6230: checking for gcc-ar
configure:6253: found /usr/bin/gcc-ar
configure:6265: result: /usr/bin/gcc-ar
configure:6288: checking for perl
configure:6311: found /usr/bin/perl
configure:6323: result: /usr/bin/perl
configure:6335: checking for gdb
configure:6358: found /usr/bin/gdb
configure:6371: result: /usr/bin/gdb
configure:6393: checking dependency style of gcc
configure:6503: result: gcc3
configure:6522: checking for diff -u
configure:6530: result: yes
configure:6547: checking for a supported version of gcc
configure:6623: result: ok (9)
configure:6651: checking build system type
configure:6661: error: cannot guess build type; you must specify one

## ---------------- ##
## Cache variables. ##
## ---------------- ##

ac_cv_c_compiler_gnu=yes
ac_cv_cxx_compiler_gnu=yes
ac_cv_env_AR_set=
ac_cv_env_AR_value=
ac_cv_env_CCASFLAGS_set=
ac_cv_env_CCASFLAGS_value=
ac_cv_env_CCAS_set=
ac_cv_env_CCAS_value=
ac_cv_env_CCC_set=
ac_cv_env_CCC_value=
ac_cv_env_CC_set=
ac_cv_env_CC_value=
ac_cv_env_CFLAGS_set=
ac_cv_env_CFLAGS_value=
ac_cv_env_CPPFLAGS_set=
ac_cv_env_CPPFLAGS_value=
ac_cv_env_CPP_set=
ac_cv_env_CPP_value=
ac_cv_env_CXXFLAGS_set=
ac_cv_env_CXXFLAGS_value=
ac_cv_env_CXX_set=
ac_cv_env_CXX_value=
ac_cv_env_LDFLAGS_set=
ac_cv_env_LDFLAGS_value=
ac_cv_env_LIBS_set=
ac_cv_env_LIBS_value=
ac_cv_env_LTO_AR_set=
ac_cv_env_LTO_AR_value=
ac_cv_env_LTO_RANLIB_set=
ac_cv_env_LTO_RANLIB_value=
ac_cv_env_build_alias_set=
ac_cv_env_build_alias_value=
ac_cv_env_host_alias_set=
ac_cv_env_host_alias_value=
ac_cv_env_target_alias_set=
ac_cv_env_target_alias_value=
ac_cv_objext=o
ac_cv_path_AR=/usr/bin/ar
ac_cv_path_GDB=/usr/bin/gdb
ac_cv_path_LTO_AR=/usr/bin/gcc-ar
ac_cv_path_LTO_RANLIB=/usr/bin/gcc-ranlib
ac_cv_path_PERL=/usr/bin/perl
ac_cv_path_SED=/usr/bin/sed
ac_cv_path_install='/usr/bin/install -c'
ac_cv_path_mkdir=/usr/bin/mkdir
ac_cv_prog_AWK=mawk
ac_cv_prog_CPP='gcc -E'
ac_cv_prog_ac_ct_CC=gcc
ac_cv_prog_ac_ct_CXX=g++
ac_cv_prog_ac_ct_RANLIB=ranlib
ac_cv_prog_cc_c11=
ac_cv_prog_cc_g=yes
ac_cv_prog_cc_stdc=
ac_cv_prog_cxx_11=no
ac_cv_prog_cxx_cxx11=
ac_cv_prog_cxx_g=yes
ac_cv_prog_cxx_stdcxx=
ac_cv_prog_make_make_set=yes
am_cv_CCAS_dependencies_compiler_type=gcc3
am_cv_CC_dependencies_compiler_type=gcc3
am_cv_CXX_dependencies_compiler_type=gcc3
am_cv_make_support_nested_variables=no
am_cv_prog_cc_c_o=yes

## ----------------- ##
## Output variables. ##
## ----------------- ##

ACLOCAL='${SHELL} '\''/alx-low_level_programming/0x0B-malloc_free/valgrind-3.20.0/missing'\'' aclocal-1.16'
AMDEPBACKSLASH='\'
AMDEP_FALSE='#'
AMDEP_TRUE=''
AMTAR='$${TAR-tar}'
AM_BACKSLASH='\'
AM_DEFAULT_V='1'
AM_DEFAULT_VERBOSITY='1'
AM_V='1'
AR='/usr/bin/ar'
AUTOCONF='${SHELL} '\''/alx-low_level_programming/0x0B-malloc_free/valgrind-3.20.0/missing'\'' autoconf'
AUTOHEADER='${SHELL} '\''/alx-low_level_programming/0x0B-malloc_free/valgrind-3.20.0/missing'\'' autoheader'
AUTOMAKE='${SHELL} '\''/alx-low_level_programming/0x0B-malloc_free/valgrind-3.20.0/missing'\'' automake-1.16'
AWK='mawk'
BOOST_CFLAGS=''
BOOST_LIBS=''
BUILD_ADDR32_TESTS_FALSE=''
BUILD_ADDR32_TESTS_TRUE=''
BUILD_ADX_TESTS_FALSE=''
BUILD_ADX_TESTS_TRUE=''
BUILD_ARMV81_TESTS_FALSE=''
BUILD_ARMV81_TESTS_TRUE=''
BUILD_ARMV82_TESTS_FALSE=''
BUILD_ARMV82_TESTS_TRUE=''
BUILD_ARMV8_CRC_TESTS_FALSE=''
BUILD_ARMV8_CRC_TESTS_TRUE=''
BUILD_AVX2_TESTS_FALSE=''
BUILD_AVX2_TESTS_TRUE=''
BUILD_AVX_TESTS_FALSE=''
BUILD_AVX_TESTS_TRUE=''
BUILD_BMI_TESTS_FALSE=''
BUILD_BMI_TESTS_TRUE=''
BUILD_DFP_TESTS_FALSE=''
BUILD_DFP_TESTS_TRUE=''
BUILD_F16C_TESTS_FALSE=''
BUILD_F16C_TESTS_TRUE=''
BUILD_FMA4_TESTS_FALSE=''
BUILD_FMA4_TESTS_TRUE=''
BUILD_FMA_TESTS_FALSE=''
BUILD_FMA_TESTS_TRUE=''
BUILD_IFUNC_TESTS_FALSE=''
BUILD_IFUNC_TESTS_TRUE=''
BUILD_LOOPNEL_TESTS_FALSE=''
BUILD_LOOPNEL_TESTS_TRUE=''
BUILD_LZCNT_TESTS_FALSE=''
BUILD_LZCNT_TESTS_TRUE=''
BUILD_MOVBE_TESTS_FALSE=''
BUILD_MOVBE_TESTS_TRUE=''
BUILD_MPIWRAP_PRI_FALSE=''
BUILD_MPIWRAP_PRI_TRUE=''
BUILD_MPIWRAP_SEC_FALSE=''
BUILD_MPIWRAP_SEC_TRUE=''
BUILD_MPX_TESTS_FALSE=''
BUILD_MPX_TESTS_TRUE=''
BUILD_PCLMULQDQ_TESTS_FALSE=''
BUILD_PCLMULQDQ_TESTS_TRUE=''
BUILD_RDRAND_TESTS_FALSE=''
BUILD_RDRAND_TESTS_TRUE=''
BUILD_RDSEED_TESTS_FALSE=''
BUILD_RDSEED_TESTS_TRUE=''
BUILD_SSE3_TESTS_FALSE=''
BUILD_SSE3_TESTS_TRUE=''
BUILD_SSE42_TESTS_FALSE=''
BUILD_SSE42_TESTS_TRUE=''
BUILD_SSSE3_TESTS_FALSE=''
BUILD_SSSE3_TESTS_TRUE=''
BUILD_TSX_TESTS_FALSE=''
BUILD_TSX_TESTS_TRUE=''
BUILD_VPCLMULQDQ_TESTS_FALSE=''
BUILD_VPCLMULQDQ_TESTS_TRUE=''
CC='gcc'
CCAS='gcc'
CCASDEPMODE='depmode=gcc3'
CCASFLAGS=''
CCDEPMODE='depmode=gcc3'
CFLAGS=''
CFLAGS_MPI=''
COMPILER_IS_CLANG_FALSE=''
COMPILER_IS_CLANG_TRUE='#'
COMPILER_IS_ICC_FALSE=''
COMPILER_IS_ICC_TRUE='#'
CPP='gcc -E'
CPPFLAGS=''
CSCOPE='cscope'
CTAGS='ctags'
CXX='g++'
CXXDEPMODE='depmode=gcc3'
CXXFLAGS=''
CXX_CAN_INCLUDE_CONDITION_VARIABLE_HEADER_FALSE=''
CXX_CAN_INCLUDE_CONDITION_VARIABLE_HEADER_TRUE=''
CXX_CAN_INCLUDE_THREAD_HEADER_FALSE=''
CXX_CAN_INCLUDE_THREAD_HEADER_TRUE=''
CXX_CAN_USE_SHARED_TIMED_MUTEX_FALSE=''
CXX_CAN_USE_SHARED_TIMED_MUTEX_TRUE=''
CXX_CAN_USE_TIMED_MUTEX_FALSE=''
CXX_CAN_USE_TIMED_MUTEX_TRUE=''
CYGPATH_W='echo'
DEFAULT_SUPP=''
DEFS=''
DEPDIR='.deps'
DIFF='diff -u'
DIS_PATH=''
DWARF4_FALSE=''
DWARF4_TRUE=''
ECHO_C=''
ECHO_N='-n'
ECHO_T=''
EGREP=''
ENABLE_LINUX_TICKET_LOCK_PRIMARY_FALSE=''
ENABLE_LINUX_TICKET_LOCK_PRIMARY_TRUE=''
ENABLE_LINUX_TICKET_LOCK_SECONDARY_FALSE=''
ENABLE_LINUX_TICKET_LOCK_SECONDARY_TRUE=''
ETAGS='etags'
EXEEXT=''
FLAG_FALIGNED_NEW=''
FLAG_FINLINE_FUNCTIONS=''
FLAG_FNO_IPA_ICF=''
FLAG_FNO_STACK_PROTECTOR=''
FLAG_FSANITIZE=''
FLAG_FSIZED_DEALLOCATION=''
FLAG_M32=''
FLAG_M64=''
FLAG_MLONG_DOUBLE_128=''
FLAG_MMMX=''
FLAG_MSA=''
FLAG_MSSE=''
FLAG_NO_BUILD_ID=''
FLAG_NO_PIE=''
FLAG_OCTEON2=''
FLAG_OCTEON=''
FLAG_PIE=''
FLAG_T_TEXT=''
FLAG_UNLIMITED_INLINE_UNIT_GROWTH=''
FLAG_W_CAST_ALIGN=''
FLAG_W_CAST_QUAL=''
FLAG_W_EMPTY_BODY=''
FLAG_W_ENUM_CONVERSION=''
FLAG_W_EXTRA=''
FLAG_W_FORMAT=''
FLAG_W_FORMAT_SECURITY=''
FLAG_W_FORMAT_SIGNEDNESS=''
FLAG_W_IGNORED_QUALIFIERS=''
FLAG_W_IMPLICIT_FALLTHROUGH=''
FLAG_W_LOGICAL_OP=''
FLAG_W_MISSING_PARAMETER_TYPE=''
FLAG_W_NO_EXPANSION_TO_DEFINED=''
FLAG_W_NO_INFINITE_RECURSION=''
FLAG_W_NO_MEMSET_TRANSPOSED_ARGS=''
FLAG_W_NO_MISMATCHED_NEW_DELETE=''
FLAG_W_NO_NONNULL=''
FLAG_W_NO_OVERFLOW=''
FLAG_W_NO_POINTER_SIGN=''
FLAG_W_NO_STATIC_LOCAL_IN_INLINE=''
FLAG_W_NO_UNINITIALIZED=''
FLAG_W_NO_UNUSED_FUNCTION=''
FLAG_W_OLD_STYLE_DECLARATION=''
FLAG_W_WRITE_STRINGS=''
FREEBSD_VERS_13_PLUS_FALSE=''
FREEBSD_VERS_13_PLUS_TRUE=''
GDB='/usr/bin/gdb'
GLIBC_LIBC_PATH=''
GLIBC_LIBPTHREAD_PATH=''
GLIBC_VERSION=''
GREP=''
GZ_ZLIB_FALSE=''
GZ_ZLIB_GNU_FALSE=''
GZ_ZLIB_GNU_TRUE=''
GZ_ZLIB_TRUE=''
HAS_ALTIVEC_FALSE=''
HAS_ALTIVEC_TRUE=''
HAS_DARN_FALSE=''
HAS_DARN_TRUE=''
HAS_DFP_FALSE=''
HAS_DFP_TRUE=''
HAS_ISA_2_05_FALSE=''
HAS_ISA_2_05_TRUE=''
HAS_ISA_2_06_FALSE=''
HAS_ISA_2_06_TRUE=''
HAS_ISA_2_07_FALSE=''
HAS_ISA_2_07_TRUE=''
HAS_ISA_3_00_FALSE=''
HAS_ISA_3_00_TRUE=''
HAS_ISA_3_1_FALSE=''
HAS_ISA_3_1_TRUE=''
HAS_MLONG_DOUBLE_128_FALSE=''
HAS_MLONG_DOUBLE_128_TRUE=''
HAS_VSX_FALSE=''
HAS_VSX_TRUE=''
HAS_XSCVHPDP_FALSE=''
HAS_XSCVHPDP_TRUE=''
HAVE_ALIGNED_CXX_ALLOC_FALSE=''
HAVE_ALIGNED_CXX_ALLOC_TRUE=''
HAVE_ANSI_FALSE=''
HAVE_ANSI_TRUE=''
HAVE_ASM_CONSTRAINT_P_FALSE=''
HAVE_ASM_CONSTRAINT_P_TRUE=''
HAVE_AT_FDCWD_FALSE=''
HAVE_AT_FDCWD_TRUE=''
HAVE_BOOST_1_35_FALSE=''
HAVE_BOOST_1_35_TRUE=''
HAVE_BUILTIN_ATOMIC64_FALSE=''
HAVE_BUILTIN_ATOMIC64_TRUE=''
HAVE_BUILTIN_ATOMIC_CXX_FALSE=''
HAVE_BUILTIN_ATOMIC_CXX_TRUE=''
HAVE_BUILTIN_ATOMIC_FALSE=''
HAVE_BUILTIN_ATOMIC_SECONDARY_FALSE=''
HAVE_BUILTIN_ATOMIC_SECONDARY_TRUE=''
HAVE_BUILTIN_ATOMIC_TRUE=''
HAVE_COPY_FILE_RANGE_FALSE=''
HAVE_COPY_FILE_RANGE_TRUE=''
HAVE_DLINFO_RTLD_DI_TLS_MODID_FALSE=''
HAVE_DLINFO_RTLD_DI_TLS_MODID_TRUE=''
HAVE_FSIZED_DEALLOCATION_FALSE=''
HAVE_FSIZED_DEALLOCATION_TRUE=''
HAVE_GNU_STPNCPY_FALSE=''
HAVE_GNU_STPNCPY_TRUE=''
HAVE_MEMFD_CREATE_FALSE=''
HAVE_MEMFD_CREATE_TRUE=''
HAVE_NESTED_FUNCTIONS_FALSE=''
HAVE_NESTED_FUNCTIONS_TRUE=''
HAVE_NR_MEMBARRIER_FALSE=''
HAVE_NR_MEMBARRIER_TRUE=''
HAVE_OPENMP_FALSE=''
HAVE_OPENMP_TRUE=''
HAVE_PREADV2_PWRITEV2_FALSE=''
HAVE_PREADV2_PWRITEV2_TRUE=''
HAVE_PREADV_PWRITEV_FALSE=''
HAVE_PREADV_PWRITEV_TRUE=''
HAVE_PTHREAD_BARRIER_FALSE=''
HAVE_PTHREAD_BARRIER_TRUE=''
HAVE_PTHREAD_CREATE_GLIBC_2_0_FALSE=''
HAVE_PTHREAD_CREATE_GLIBC_2_0_TRUE=''
HAVE_PTHREAD_MUTEX_TIMEDLOCK_FALSE=''
HAVE_PTHREAD_MUTEX_TIMEDLOCK_TRUE=''
HAVE_PTHREAD_SETNAME_NP_FALSE=''
HAVE_PTHREAD_SETNAME_NP_TRUE=''
HAVE_PTHREAD_SPINLOCK_FALSE=''
HAVE_PTHREAD_SPINLOCK_TRUE=''
HAVE_SETCONTEXT_FALSE=''
HAVE_SETCONTEXT_TRUE=''
HAVE_SHARED_POINTER_ANNOTATION_FALSE=''
HAVE_SHARED_POINTER_ANNOTATION_TRUE=''
HAVE_SWAPCONTEXT_FALSE=''
HAVE_SWAPCONTEXT_TRUE=''
HWCAP_HAS_ALTIVEC=''
HWCAP_HAS_DFP=''
HWCAP_HAS_HTM=''
HWCAP_HAS_ISA_2_05=''
HWCAP_HAS_ISA_2_06=''
HWCAP_HAS_ISA_2_07=''
HWCAP_HAS_ISA_3_00=''
HWCAP_HAS_ISA_3_1=''
HWCAP_HAS_MMA=''
HWCAP_HAS_VSX=''
INSTALL_DATA='${INSTALL} -m 644'
INSTALL_PROGRAM='${INSTALL}'
INSTALL_SCRIPT='${INSTALL}'
INSTALL_STRIP_PROGRAM='$(install_sh) -c -s'
LDFLAGS=''
LDFLAGS_MPI=''
LIBOBJS=''
LIBS=''
LIB_UBSAN=''
LN_S='ln -s'
LTLIBOBJS=''
LTO_AR='/usr/bin/gcc-ar'
LTO_CFLAGS=''
LTO_RANLIB='/usr/bin/gcc-ranlib'
MAINT='#'
MAINTAINER_MODE_FALSE=''
MAINTAINER_MODE_TRUE='#'
MAKEINFO='${SHELL} '\''/alx-low_level_programming/0x0B-malloc_free/valgrind-3.20.0/missing'\'' makeinfo'
MKDIR_P='/usr/bin/mkdir -p'
MPI_CC=''
OBJEXT='o'
PACKAGE='valgrind'
PACKAGE_BUGREPORT='valgrind-users@lists.sourceforge.net'
PACKAGE_NAME='Valgrind'
PACKAGE_STRING='Valgrind 3.20.0'
PACKAGE_TARNAME='valgrind'
PACKAGE_URL=''
PACKAGE_VERSION='3.20.0'
PATH_SEPARATOR=':'
PERL='/usr/bin/perl'
PREFERRED_STACK_BOUNDARY_2=''
RANLIB='ranlib'
SED='/usr/bin/sed'
SET_MAKE=''
SHELL='/bin/bash'
SOLARIS_AUDITON_STAT_FALSE=''
SOLARIS_AUDITON_STAT_TRUE=''
SOLARIS_EXECVE_SYSCALL_TAKES_FLAGS_FALSE=''
SOLARIS_EXECVE_SYSCALL_TAKES_FLAGS_TRUE=''
SOLARIS_FREALPATHAT_SYSCALL_FALSE=''
SOLARIS_FREALPATHAT_SYSCALL_TRUE=''
SOLARIS_GETHRT_FASTTRAP_FALSE=''
SOLARIS_GETHRT_FASTTRAP_TRUE=''
SOLARIS_GETRANDOM_SYSCALL_FALSE=''
SOLARIS_GETRANDOM_SYSCALL_TRUE=''
SOLARIS_GETZONEOFFSET_FASTTRAP_FALSE=''
SOLARIS_GETZONEOFFSET_FASTTRAP_TRUE=''
SOLARIS_LWP_NAME_SYSCALL_FALSE=''
SOLARIS_LWP_NAME_SYSCALL_TRUE=''
SOLARIS_LWP_SIGQUEUE_SYSCALL_FALSE=''
SOLARIS_LWP_SIGQUEUE_SYSCALL_TAKES_PID_FALSE=''
SOLARIS_LWP_SIGQUEUE_SYSCALL_TAKES_PID_TRUE=''
SOLARIS_LWP_SIGQUEUE_SYSCALL_TRUE=''
SOLARIS_MODCTL_MODNVL_FALSE=''
SOLARIS_MODCTL_MODNVL_TRUE=''
SOLARIS_NSCD_DOOR_SYSTEM_VOLATILE_FALSE=''
SOLARIS_NSCD_DOOR_SYSTEM_VOLATILE_TRUE=''
SOLARIS_OLD_SYSCALLS_FALSE=''
SOLARIS_OLD_SYSCALLS_TRUE=''
SOLARIS_PROC_CMDLINE_FALSE=''
SOLARIS_PROC_CMDLINE_TRUE=''
SOLARIS_PRXREGSET_T_FALSE=''
SOLARIS_PRXREGSET_T_TRUE=''
SOLARIS_PSET_GET_NAME_FALSE=''
SOLARIS_PSET_GET_NAME_TRUE=''
SOLARIS_RESERVE_SYSSTAT_ADDR_FALSE=''
SOLARIS_RESERVE_SYSSTAT_ADDR_TRUE=''
SOLARIS_RESERVE_SYSSTAT_ZONE_ADDR_FALSE=''
SOLARIS_RESERVE_SYSSTAT_ZONE_ADDR_TRUE=''
SOLARIS_SHM_NEW_FALSE=''
SOLARIS_SHM_NEW_TRUE=''
SOLARIS_SPAWN_SYSCALL_FALSE=''
SOLARIS_SPAWN_SYSCALL_TRUE=''
SOLARIS_SUN_STUDIO_AS_FALSE=''
SOLARIS_SUN_STUDIO_AS_TRUE=''
SOLARIS_SYSTEM_STATS_SYSCALL_FALSE=''
SOLARIS_SYSTEM_STATS_SYSCALL_TRUE=''
SOLARIS_TNDB_GET_TNIP_FALSE=''
SOLARIS_TNDB_GET_TNIP_TRUE=''
SOLARIS_TSOL_CLEARANCE_FALSE=''
SOLARIS_TSOL_CLEARANCE_TRUE=''
SOLARIS_UNDEF_LARGESOURCE=''
SOLARIS_UTIMENSAT_SYSCALL_FALSE=''
SOLARIS_UTIMENSAT_SYSCALL_TRUE=''
SOLARIS_UTIMESYS_SYSCALL_FALSE=''
SOLARIS_UTIMESYS_SYSCALL_TRUE=''
SOLARIS_UUIDSYS_SYSCALL_FALSE=''
SOLARIS_UUIDSYS_SYSCALL_TRUE=''
SOLARIS_XPG_SYMBOLS_PRESENT_FALSE=''
SOLARIS_XPG_SYMBOLS_PRESENT_TRUE=''
SOLARIS_ZONE_DEFUNCT_FALSE=''
SOLARIS_ZONE_DEFUNCT_TRUE=''
STRIP=''
SUPPORTS_HTM_FALSE=''
SUPPORTS_HTM_TRUE=''
VALT_LOAD_ADDRESS_PRI=''
VALT_LOAD_ADDRESS_SEC=''
VERSION='3.20.0'
VGCONF_ABI=''
VGCONF_ARCHS_INCLUDE_AMD64_FALSE=''
VGCONF_ARCHS_INCLUDE_AMD64_TRUE=''
VGCONF_ARCHS_INCLUDE_ARM64_FALSE=''
VGCONF_ARCHS_INCLUDE_ARM64_TRUE=''
VGCONF_ARCHS_INCLUDE_ARM_FALSE=''
VGCONF_ARCHS_INCLUDE_ARM_TRUE=''
VGCONF_ARCHS_INCLUDE_MIPS32_FALSE=''
VGCONF_ARCHS_INCLUDE_MIPS32_TRUE=''
VGCONF_ARCHS_INCLUDE_MIPS64_FALSE=''
VGCONF_ARCHS_INCLUDE_MIPS64_TRUE=''
VGCONF_ARCHS_INCLUDE_NANOMIPS_FALSE=''
VGCONF_ARCHS_INCLUDE_NANOMIPS_TRUE=''
VGCONF_ARCHS_INCLUDE_PPC32_FALSE=''
VGCONF_ARCHS_INCLUDE_PPC32_TRUE=''
VGCONF_ARCHS_INCLUDE_PPC64_FALSE=''
VGCONF_ARCHS_INCLUDE_PPC64_TRUE=''
VGCONF_ARCHS_INCLUDE_S390X_FALSE=''
VGCONF_ARCHS_INCLUDE_S390X_TRUE=''
VGCONF_ARCHS_INCLUDE_X86_FALSE=''
VGCONF_ARCHS_INCLUDE_X86_TRUE=''
VGCONF_ARCH_PRI=''
VGCONF_ARCH_SEC=''
VGCONF_HAVE_ABI_FALSE=''
VGCONF_HAVE_ABI_TRUE=''
VGCONF_HAVE_PLATFORM_SEC_FALSE=''
VGCONF_HAVE_PLATFORM_SEC_TRUE=''
VGCONF_OS=''
VGCONF_OS_IS_DARWIN_FALSE=''
VGCONF_OS_IS_DARWIN_OR_FREEBSD_FALSE=''
VGCONF_OS_IS_DARWIN_OR_FREEBSD_TRUE=''
VGCONF_OS_IS_DARWIN_TRUE=''
VGCONF_OS_IS_FREEBSD_FALSE=''
VGCONF_OS_IS_FREEBSD_TRUE=''
VGCONF_OS_IS_LINUX_FALSE=''
VGCONF_OS_IS_LINUX_TRUE=''
VGCONF_OS_IS_SOLARIS_FALSE=''
VGCONF_OS_IS_SOLARIS_TRUE=''
VGCONF_PLATFORMS_INCLUDE_AMD64_DARWIN_FALSE=''
VGCONF_PLATFORMS_INCLUDE_AMD64_DARWIN_TRUE=''
VGCONF_PLATFORMS_INCLUDE_AMD64_FREEBSD_FALSE=''
VGCONF_PLATFORMS_INCLUDE_AMD64_FREEBSD_TRUE=''
VGCONF_PLATFORMS_INCLUDE_AMD64_LINUX_FALSE=''
VGCONF_PLATFORMS_INCLUDE_AMD64_LINUX_TRUE=''
VGCONF_PLATFORMS_INCLUDE_AMD64_SOLARIS_FALSE=''
VGCONF_PLATFORMS_INCLUDE_AMD64_SOLARIS_TRUE=''
VGCONF_PLATFORMS_INCLUDE_ARM64_LINUX_FALSE=''
VGCONF_PLATFORMS_INCLUDE_ARM64_LINUX_TRUE=''
VGCONF_PLATFORMS_INCLUDE_ARM_LINUX_FALSE=''
VGCONF_PLATFORMS_INCLUDE_ARM_LINUX_TRUE=''
VGCONF_PLATFORMS_INCLUDE_MIPS32_LINUX_FALSE=''
VGCONF_PLATFORMS_INCLUDE_MIPS32_LINUX_TRUE=''
VGCONF_PLATFORMS_INCLUDE_MIPS64_LINUX_FALSE=''
VGCONF_PLATFORMS_INCLUDE_MIPS64_LINUX_TRUE=''
VGCONF_PLATFORMS_INCLUDE_NANOMIPS_LINUX_FALSE=''
VGCONF_PLATFORMS_INCLUDE_NANOMIPS_LINUX_TRUE=''
VGCONF_PLATFORMS_INCLUDE_PPC32_LINUX_FALSE=''
VGCONF_PLATFORMS_INCLUDE_PPC32_LINUX_TRUE=''
VGCONF_PLATFORMS_INCLUDE_PPC64BE_LINUX_FALSE=''
VGCONF_PLATFORMS_INCLUDE_PPC64BE_LINUX_TRUE=''
VGCONF_PLATFORMS_INCLUDE_PPC64LE_LINUX_FALSE=''
VGCONF_PLATFORMS_INCLUDE_PPC64LE_LINUX_TRUE=''
VGCONF_PLATFORMS_INCLUDE_S390X_LINUX_FALSE=''
VGCONF_PLATFORMS_INCLUDE_S390X_LINUX_TRUE=''
VGCONF_PLATFORMS_INCLUDE_X86_DARWIN_FALSE=''
VGCONF_PLATFORMS_INCLUDE_X86_DARWIN_TRUE=''
VGCONF_PLATFORMS_INCLUDE_X86_FREEBSD_FALSE=''
VGCONF_PLATFORMS_INCLUDE_X86_FREEBSD_TRUE=''
VGCONF_PLATFORMS_INCLUDE_X86_LINUX_FALSE=''
VGCONF_PLATFORMS_INCLUDE_X86_LINUX_TRUE=''
VGCONF_PLATFORMS_INCLUDE_X86_SOLARIS_FALSE=''
VGCONF_PLATFORMS_INCLUDE_X86_SOLARIS_TRUE=''
VGCONF_PLATFORM_PRI_CAPS=''
VGCONF_PLATFORM_SEC_CAPS=''
VGCONF_PLATVARIANT=''
VGCONF_PLATVARIANT_IS_ANDROID_FALSE=''
VGCONF_PLATVARIANT_IS_ANDROID_TRUE=''
VGCONF_PLATVARIANT_IS_VANILLA_FALSE=''
VGCONF_PLATVARIANT_IS_VANILLA_TRUE=''
VG_DATE='24 Oct 2022'
VG_TMPDIR=''
VG_VER_MAJOR='3'
VG_VER_MINOR='20'
XCODE_DIR=''
XCRUN=''
ac_ct_CC='gcc'
ac_ct_CXX='g++'
am__EXEEXT_FALSE=''
am__EXEEXT_TRUE=''
am__fastdepCCAS_FALSE='#'
am__fastdepCCAS_TRUE=''
am__fastdepCC_FALSE='#'
am__fastdepCC_TRUE=''
am__fastdepCXX_FALSE='#'
am__fastdepCXX_TRUE=''
am__include='include'
am__isrc=''
am__leading_dot='.'
am__nodep='_no'
am__quote=''
am__tar='$${TAR-tar} chof - "$$tardir"'
am__untar='$${TAR-tar} xf -'
bindir='${exec_prefix}/bin'
build=''
build_alias=''
build_cpu=''
build_os=''
build_vendor=''
datadir='${datarootdir}'
datarootdir='${prefix}/share'
docdir='${datarootdir}/doc/${PACKAGE_TARNAME}'
dvidir='${docdir}'
exec_prefix='NONE'
host=''
host_alias=''
host_cpu=''
host_os=''
host_vendor=''
htmldir='${docdir}'
includedir='${prefix}/include'
infodir='${datarootdir}/info'
install_sh='${SHELL} /alx-low_level_programming/0x0B-malloc_free/valgrind-3.20.0/install-sh'
libdir='${exec_prefix}/lib'
libexecdir='${exec_prefix}/libexec'
localedir='${datarootdir}/locale'
localstatedir='${prefix}/var'
mandir='${datarootdir}/man'
mkdir_p='$(MKDIR_P)'
oldincludedir='/usr/include'
pdfdir='${docdir}'
prefix='NONE'
program_transform_name='s,x,x,'
psdir='${docdir}'
runstatedir='${localstatedir}/run'
sbindir='${exec_prefix}/sbin'
sharedstatedir='${prefix}/com'
sysconfdir='${prefix}/etc'
target_alias=''

## ----------- ##
## confdefs.h. ##
## ----------- ##

/* confdefs.h */
#define PACKAGE_NAME "Valgrind"
#define PACKAGE_TARNAME "valgrind"
#define PACKAGE_VERSION "3.20.0"
#define PACKAGE_STRING "Valgrind 3.20.0"
#define PACKAGE_BUGREPORT "valgrind-users@lists.sourceforge.net"
#define PACKAGE_URL ""
#define PACKAGE "valgrind"
#define VERSION "3.20.0"
#define GDB_PATH "/usr/bin/gdb"

configure: exit 1
